<?xml version="1.0" encoding="UTF-8"?>
<testng-results ignored="4" total="5" passed="0" failed="1" skipped="0">
  <reporter-output>
  </reporter-output>
  <suite started-at="2024-03-26T15:26:45 AEDT" name="Default suite" finished-at="2024-03-26T15:26:52 AEDT" duration-ms="6691">
    <groups>
    </groups>
    <test started-at="2024-03-26T15:26:45 AEDT" name="Default test" finished-at="2024-03-26T15:26:52 AEDT" duration-ms="6691">
      <class name="com.weberp.qa.testcases.MainMenuPageTest">
        <test-method is-config="true" signature="setUp()[pri:0, instance:com.weberp.qa.testcases.MainMenuPageTest@66d3eec0]" started-at="2024-03-26T15:26:45 AEDT" name="setUp" finished-at="2024-03-26T15:26:51 AEDT" duration-ms="5889" status="PASS">
          <reporter-output>
          </reporter-output>
        </test-method> <!-- setUp -->
        <test-method signature="testMenuItems()[pri:0, instance:com.weberp.qa.testcases.MainMenuPageTest@66d3eec0]" started-at="2024-03-26T15:26:51 AEDT" name="testMenuItems" finished-at="2024-03-26T15:26:52 AEDT" duration-ms="355" status="FAIL">
          <exception class="java.lang.AssertionError">
            <message>
              <![CDATA[Menu items do not match the expected list: Lists differ at element [8]: • Maintain Picking List != • Maintain Picking Lists expected [• Maintain Picking List] but found [• Maintain Picking Lists]]]>
            </message>
            <full-stacktrace>
              <![CDATA[java.lang.AssertionError: Menu items do not match the expected list: Lists differ at element [8]: • Maintain Picking List != • Maintain Picking Lists expected [• Maintain Picking List] but found [• Maintain Picking Lists]
at org.testng.Assert.fail(Assert.java:99)
at org.testng.Assert.failNotEquals(Assert.java:1037)
at org.testng.Assert.assertEqualsImpl(Assert.java:140)
at org.testng.Assert.assertEquals(Assert.java:1103)
at com.weberp.qa.testcases.MainMenuPageTest.testMenuItems(MainMenuPageTest.java:98)
at java.base/jdk.internal.reflect.NativeMethodAccessorImpl.invoke0(Native Method)
at java.base/jdk.internal.reflect.NativeMethodAccessorImpl.invoke(NativeMethodAccessorImpl.java:77)
at java.base/jdk.internal.reflect.DelegatingMethodAccessorImpl.invoke(DelegatingMethodAccessorImpl.java:43)
at java.base/java.lang.reflect.Method.invoke(Method.java:568)
at org.testng.internal.MethodInvocationHelper.invokeMethod(MethodInvocationHelper.java:133)
at org.testng.internal.TestInvoker.invokeMethod(TestInvoker.java:598)
at org.testng.internal.TestInvoker.invokeTestMethod(TestInvoker.java:173)
at org.testng.internal.MethodRunner.runInSequence(MethodRunner.java:46)
at org.testng.internal.TestInvoker$MethodInvocationAgent.invoke(TestInvoker.java:824)
at org.testng.internal.TestInvoker.invokeTestMethods(TestInvoker.java:146)
at org.testng.internal.TestMethodWorker.invokeTestMethods(TestMethodWorker.java:146)
at org.testng.internal.TestMethodWorker.run(TestMethodWorker.java:128)
at java.base/java.util.ArrayList.forEach(ArrayList.java:1511)
at org.testng.TestRunner.privateRun(TestRunner.java:794)
at org.testng.TestRunner.run(TestRunner.java:596)
at org.testng.SuiteRunner.runTest(SuiteRunner.java:377)
at org.testng.SuiteRunner.runSequentially(SuiteRunner.java:371)
at org.testng.SuiteRunner.privateRun(SuiteRunner.java:332)
at org.testng.SuiteRunner.run(SuiteRunner.java:276)
at org.testng.SuiteRunnerWorker.runSuite(SuiteRunnerWorker.java:53)
at org.testng.SuiteRunnerWorker.run(SuiteRunnerWorker.java:96)
at org.testng.TestNG.runSuitesSequentially(TestNG.java:1212)
at org.testng.TestNG.runSuitesLocally(TestNG.java:1134)
at org.testng.TestNG.runSuites(TestNG.java:1063)
at org.testng.TestNG.run(TestNG.java:1031)
at org.testng.remote.AbstractRemoteTestNG.run(AbstractRemoteTestNG.java:115)
at org.testng.remote.RemoteTestNG.initAndRun(RemoteTestNG.java:251)
at org.testng.remote.RemoteTestNG.main(RemoteTestNG.java:77)
]]>
            </full-stacktrace>
          </exception> <!-- java.lang.AssertionError -->
          <reporter-output>
          </reporter-output>
        </test-method> <!-- testMenuItems -->
        <test-method is-config="true" signature="tearDown()[pri:0, instance:com.weberp.qa.testcases.MainMenuPageTest@66d3eec0]" started-at="2024-03-26T15:26:52 AEDT" name="tearDown" finished-at="2024-03-26T15:26:52 AEDT" duration-ms="384" status="PASS">
          <reporter-output>
          </reporter-output>
        </test-method> <!-- tearDown -->
      </class> <!-- com.weberp.qa.testcases.MainMenuPageTest -->
    </test> <!-- Default test -->
  </suite> <!-- Default suite -->
</testng-results>
